2019-12-27 21:28:29:2829 info: App initiated at port 9000
2019-12-28 01:04:36:436 info: App initiated at port 9000
2019-12-28 01:05:14:514 info: App initiated at port 9000
2019-12-28 01:06:50:650 info: App initiated at port 9000
2019-12-28 01:08:21:821 info: App initiated at port 9000
2019-12-28 01:12:08:128 info: App initiated at port 9000
2019-12-28 01:12:32:1232 info: GET /example/save/somthing 404 3.389 ms - 160
2019-12-28 01:13:50:1350 info: GET /example/save/:ex 404 0.639 ms - 155
2019-12-28 01:13:54:1354 info: GET /example/save/ 404 1.421 ms - 152
2019-12-28 01:13:58:1358 info: GET /example/save 404 0.909 ms - 151
2019-12-28 01:14:02:142 info: GET /example/save/e 404 0.624 ms - 153
2019-12-28 01:16:22:1622 info: App initiated at port 9000
2019-12-28 01:16:33:1633 info: GET /example/save/something 404 3.257 ms - 161
2019-12-28 01:17:18:1718 info: App initiated at port 9000
2019-12-28 01:17:24:1724 info: example is not defined
2019-12-28 01:25:52:2552 info: App initiated at port 9000
2019-12-28 01:26:10:2610 info: GET /example/save/something_2 404 4.294 ms - 163
2019-12-28 01:26:13:2613 info: GET /example/save/something_2 404 0.646 ms - 163
2019-12-28 01:26:24:2624 info: GET /example/sad 404 1.043 ms - 150
2019-12-28 01:28:16:2816 info: App initiated at port 9000
2019-12-28 01:28:35:2835 info: example is not defined
2019-12-28 01:29:54:2954 info: App initiated at port 9000
2019-12-28 01:36:18:3618 info: App initiated at port 9000
2019-12-28 01:38:07:387 info: App initiated at port 9000
